c:\users\raynor\downloads\vs\3dview\3dview\debug\vc140.pdb
c:\users\raynor\downloads\vs\3dview\3dview\debug\vc140.idb
c:\users\raynor\downloads\vs\3dview\3dview\debug\3dview.obj
c:\users\raynor\downloads\vs\3dview\3dview\debug\camera.obj
c:\users\raynor\downloads\vs\3dview\3dview\debug\mat3.obj
c:\users\raynor\downloads\vs\3dview\3dview\debug\mat4.obj
c:\users\raynor\downloads\vs\3dview\3dview\debug\projection.obj
c:\users\raynor\downloads\vs\3dview\3dview\debug\transform.obj
c:\users\raynor\downloads\vs\3dview\3dview\debug\vec3.obj
c:\users\raynor\downloads\vs\3dview\3dview\debug\vec4.obj
c:\users\raynor\downloads\vs\3dview\3dview\debug\zbuffer.obj
c:\users\raynor\downloads\vs\3dview\debug\3dview.ilk
c:\users\raynor\downloads\vs\3dview\debug\3dview.exe
c:\users\raynor\downloads\vs\3dview\debug\3dview.pdb
c:\users\andrei eminovici\desktop\ecg\ecg_lab12\3dview\3dview\debug\3dview.obj
c:\users\andrei eminovici\desktop\ecg\ecg_lab12\3dview\3dview\debug\camera.obj
c:\users\andrei eminovici\desktop\ecg\ecg_lab12\3dview\3dview\debug\mat3.obj
c:\users\andrei eminovici\desktop\ecg\ecg_lab12\3dview\3dview\debug\mat4.obj
c:\users\andrei eminovici\desktop\ecg\ecg_lab12\3dview\3dview\debug\projection.obj
c:\users\andrei eminovici\desktop\ecg\ecg_lab12\3dview\3dview\debug\transform.obj
c:\users\andrei eminovici\desktop\ecg\ecg_lab12\3dview\3dview\debug\vec3.obj
c:\users\andrei eminovici\desktop\ecg\ecg_lab12\3dview\3dview\debug\vec4.obj
c:\users\andrei eminovici\desktop\ecg\ecg_lab12\3dview\3dview\debug\zbuffer.obj
c:\users\andrei eminovici\desktop\ecg\ecg_lab12\3dview\3dview\debug\vc140.idb
c:\users\andrei eminovici\desktop\ecg\ecg_lab12\3dview\3dview\debug\vc143.idb
c:\users\andrei eminovici\desktop\ecg\ecg_lab12\3dview\3dview\debug\vc140.pdb
c:\users\andrei eminovici\desktop\ecg\ecg_lab12\3dview\3dview\debug\vc143.pdb
c:\users\andrei eminovici\desktop\ecg\ecg_lab12\3dview\3dview\debug\3dview.tlog\cl.command.1.tlog
c:\users\andrei eminovici\desktop\ecg\ecg_lab12\3dview\3dview\debug\3dview.tlog\cl.read.1.tlog
c:\users\andrei eminovici\desktop\ecg\ecg_lab12\3dview\3dview\debug\3dview.tlog\cl.write.1.tlog
c:\users\andrei eminovici\desktop\ecg\ecg_lab12\3dview\3dview\debug\3dview.tlog\link.command.1.tlog
c:\users\andrei eminovici\desktop\ecg\ecg_lab12\3dview\3dview\debug\3dview.tlog\link.read.1.tlog
c:\users\andrei eminovici\desktop\ecg\ecg_lab12\3dview\3dview\debug\3dview.tlog\link.write.1.tlog
