c:\users\flavius\documents\egk\egc_cyrus-beck\egc_cyrus-beck\egc_cyrus-beck\debug\vc143.pdb
c:\users\flavius\documents\egk\egc_cyrus-beck\egc_cyrus-beck\egc_cyrus-beck\debug\vc143.idb
c:\users\flavius\documents\egk\egc_cyrus-beck\egc_cyrus-beck\egc_cyrus-beck\debug\vec3.obj
c:\users\flavius\documents\egk\egc_cyrus-beck\egc_cyrus-beck\egc_cyrus-beck\debug\mat3.obj
c:\users\flavius\documents\egk\egc_cyrus-beck\egc_cyrus-beck\egc_cyrus-beck\debug\egc_cyrus-beck.obj
c:\users\flavius\documents\egk\egc_cyrus-beck\egc_cyrus-beck\egc_cyrus-beck\debug\clip.obj
c:\users\flavius\documents\egk\egc_cyrus-beck\egc_cyrus-beck\egc_cyrus-beck\debug\vec4.obj
c:\users\flavius\documents\egk\egc_cyrus-beck\egc_cyrus-beck\egc_cyrus-beck\debug\vec2cpp.obj
c:\users\flavius\documents\egk\egc_cyrus-beck\egc_cyrus-beck\egc_cyrus-beck\debug\mat4.obj
c:\users\flavius\documents\egk\egc_cyrus-beck\egc_cyrus-beck\egc_cyrus-beck\debug\egc_cyrus-beck.ilk
c:\users\flavius\documents\egk\egc_cyrus-beck\egc_cyrus-beck\debug\egc_cyrus-beck.exe
c:\users\flavius\documents\egk\egc_cyrus-beck\egc_cyrus-beck\debug\egc_cyrus-beck.pdb
c:\users\flavius\documents\egk\egc_cyrus-beck\egc_cyrus-beck\egc_cyrus-beck\debug\vc140.idb
c:\users\flavius\documents\egk\egc_cyrus-beck\egc_cyrus-beck\egc_cyrus-beck\debug\vc140.pdb
c:\users\flavius\documents\egk\egc_cyrus-beck\egc_cyrus-beck\debug\egc_cyrus-beck.ilk
c:\users\flavius\documents\egk\egc_cyrus-beck\egc_cyrus-beck\egc_cyrus-beck\debug\egc_cyrus-beck.tlog\cl.command.1.tlog
c:\users\flavius\documents\egk\egc_cyrus-beck\egc_cyrus-beck\egc_cyrus-beck\debug\egc_cyrus-beck.tlog\cl.read.1.tlog
c:\users\flavius\documents\egk\egc_cyrus-beck\egc_cyrus-beck\egc_cyrus-beck\debug\egc_cyrus-beck.tlog\cl.write.1.tlog
c:\users\flavius\documents\egk\egc_cyrus-beck\egc_cyrus-beck\egc_cyrus-beck\debug\egc_cyrus-beck.tlog\link-cvtres.read.1.tlog
c:\users\flavius\documents\egk\egc_cyrus-beck\egc_cyrus-beck\egc_cyrus-beck\debug\egc_cyrus-beck.tlog\link-cvtres.write.1.tlog
c:\users\flavius\documents\egk\egc_cyrus-beck\egc_cyrus-beck\egc_cyrus-beck\debug\egc_cyrus-beck.tlog\link-rc.read.1.tlog
c:\users\flavius\documents\egk\egc_cyrus-beck\egc_cyrus-beck\egc_cyrus-beck\debug\egc_cyrus-beck.tlog\link-rc.write.1.tlog
c:\users\flavius\documents\egk\egc_cyrus-beck\egc_cyrus-beck\egc_cyrus-beck\debug\egc_cyrus-beck.tlog\link.15156-cvtres.read.1.tlog
c:\users\flavius\documents\egk\egc_cyrus-beck\egc_cyrus-beck\egc_cyrus-beck\debug\egc_cyrus-beck.tlog\link.15156-cvtres.write.1.tlog
c:\users\flavius\documents\egk\egc_cyrus-beck\egc_cyrus-beck\egc_cyrus-beck\debug\egc_cyrus-beck.tlog\link.15156-rc.read.1.tlog
c:\users\flavius\documents\egk\egc_cyrus-beck\egc_cyrus-beck\egc_cyrus-beck\debug\egc_cyrus-beck.tlog\link.15156-rc.write.1.tlog
c:\users\flavius\documents\egk\egc_cyrus-beck\egc_cyrus-beck\egc_cyrus-beck\debug\egc_cyrus-beck.tlog\link.15156.read.1.tlog
c:\users\flavius\documents\egk\egc_cyrus-beck\egc_cyrus-beck\egc_cyrus-beck\debug\egc_cyrus-beck.tlog\link.15156.write.1.tlog
c:\users\flavius\documents\egk\egc_cyrus-beck\egc_cyrus-beck\egc_cyrus-beck\debug\egc_cyrus-beck.tlog\link.command.1.tlog
c:\users\flavius\documents\egk\egc_cyrus-beck\egc_cyrus-beck\egc_cyrus-beck\debug\egc_cyrus-beck.tlog\link.read.1.tlog
c:\users\flavius\documents\egk\egc_cyrus-beck\egc_cyrus-beck\egc_cyrus-beck\debug\egc_cyrus-beck.tlog\link.write.1.tlog
